<?xml version="1.0" encoding="UTF-8"?>
<!-- Generated by org.testng.reporters.JUnitReportReporter -->
<testsuite skipped="0" hostname="WGC100CVFRDC2" name="annotations.PartialGroups" tests="1" failures="0" timestamp="05 Oct 2018 10:34:35 GMT" time="0.000" errors="0">
  <testcase name="testM1" time="0.000" classname="annotations.PartialGroups"/>
</testsuite> <!-- annotations.PartialGroups -->
