<?xml version="1.0" encoding="UTF-8"?>
<!-- Generated by org.testng.reporters.JUnitReportReporter -->
<testsuite skipped="0" hostname="WGC100CVFRDC2" name="annotations.Sequence" tests="1" failures="0" timestamp="30 Sep 2018 12:45:35 GMT" time="0.016" errors="0">
  <testcase name="testM1" time="0.016" classname="annotations.Sequence"/>
</testsuite> <!-- annotations.Sequence -->
