<?xml version="1.0" encoding="UTF-8"?>
<!-- Generated by org.testng.reporters.JUnitReportReporter -->
<testsuite skipped="0" hostname="WGC100CVFRDC2" name="annotations.ExcludeGroups_5" tests="1" failures="0" timestamp="05 Oct 2018 10:36:12 GMT" time="0.000" errors="0">
  <testcase name="testMethod4" time="0.000" classname="annotations.ExcludeGroups_5"/>
</testsuite> <!-- annotations.ExcludeGroups_5 -->
