<?xml version="1.0" encoding="UTF-8"?>
<!-- Generated by org.testng.reporters.JUnitReportReporter -->
<testsuite skipped="0" hostname="WGC100CVFRDC2" name="annotations.MethodGroups_3" tests="2" failures="0" timestamp="04 Oct 2018 10:06:26 GMT" time="0.006" errors="0">
  <testcase name="enableTestMethod1" time="0.002" classname="annotations.MethodGroups_3"/>
  <testcase name="enableTestMethod2" time="0.004" classname="annotations.MethodGroups_3"/>
</testsuite> <!-- annotations.MethodGroups_3 -->
