<?xml version="1.0" encoding="UTF-8"?>
<!-- Generated by org.testng.reporters.JUnitReportReporter -->
<testsuite skipped="0" hostname="WGC100CVFRDC2" name="annotations.Groups" tests="5" failures="0" timestamp="30 Sep 2018 12:45:35 GMT" time="0.016" errors="0">
  <testcase name="testMethod4" time="0.000" classname="annotations.Groups"/>
  <testcase name="tetsMethod2" time="0.000" classname="annotations.Groups"/>
  <testcase name="testMethod3" time="0.016" classname="annotations.Groups"/>
  <testcase name="tetsMethod2" time="0.000" classname="annotations.Groups"/>
  <testcase name="testMethod1" time="0.000" classname="annotations.Groups"/>
</testsuite> <!-- annotations.Groups -->
