<?xml version="1.0" encoding="UTF-8"?>
<!-- Generated by org.testng.reporters.JUnitReportReporter -->
<testsuite skipped="0" hostname="WGC100CVFRDC2" name="annotations.Groups_2" tests="5" failures="0" timestamp="05 Oct 2018 10:36:12 GMT" time="0.000" errors="0">
  <testcase name="testMethod4" time="0.000" classname="annotations.Groups_2"/>
  <testcase name="testMethod1" time="0.000" classname="annotations.Groups_2"/>
  <testcase name="testMethod3" time="0.000" classname="annotations.Groups_2"/>
  <testcase name="tetsMethod2" time="0.000" classname="annotations.Groups_2"/>
  <testcase name="tetsMethod2" time="0.000" classname="annotations.Groups_2"/>
</testsuite> <!-- annotations.Groups_2 -->
